<?xml version="1.0" encoding="UTF-8"?>
<!-- Generated by org.testng.reporters.JUnitReportReporter -->
<testsuite hostname="v-poori8" name="Utilities.SimpleClasstoCheckLogs" tests="1" failures="0" timestamp="26 Oct 2016 14:09:46 GMT" time="0.014" errors="0">
  <testcase name="testLOgs" time="0.014" classname="Utilities.SimpleClasstoCheckLogs"/>
</testsuite> <!-- Utilities.SimpleClasstoCheckLogs -->
