<?xml version="1.0" encoding="UTF-8"?>
<!-- Generated by org.testng.reporters.JUnitReportReporter -->
<testsuite hostname="v-poori8" name="SeleniumDay1Learning.TestNGCodeinJunitcase" tests="3" failures="0" timestamp="27 Oct 2016 07:13:03 GMT" time="0.020" errors="0">
  <testcase name="test2" time="0.004" classname="SeleniumDay1Learning.TestNGCodeinJunitcase"/>
  <testcase name="test1" time="0.010" classname="SeleniumDay1Learning.TestNGCodeinJunitcase"/>
  <testcase name="testmethod1" time="0.006" classname="SeleniumDay1Learning.TestNGCodeinJunitcase"/>
</testsuite> <!-- SeleniumDay1Learning.TestNGCodeinJunitcase -->
