<?xml version="1.0" encoding="UTF-8"?>
<!-- Generated by org.testng.reporters.JUnitReportReporter -->
<testsuite hostname="v-poori8" name="SeleniumDay1Learning.RunTestsperpriorityTestNG" tests="4" failures="0" timestamp="26 Oct 2016 13:07:20 GMT" time="0.023" errors="0">
  <testcase name="tc2" time="0.013" classname="SeleniumDay1Learning.RunTestsperpriorityTestNG"/>
  <testcase name="tc1" time="0.002" classname="SeleniumDay1Learning.RunTestsperpriorityTestNG"/>
  <testcase name="tc3" time="0.003" classname="SeleniumDay1Learning.RunTestsperpriorityTestNG"/>
  <testcase name="tc4" time="0.005" classname="SeleniumDay1Learning.RunTestsperpriorityTestNG"/>
</testsuite> <!-- SeleniumDay1Learning.RunTestsperpriorityTestNG -->
