<?xml version="1.0" encoding="UTF-8"?>
<!-- Generated by org.testng.reporters.JUnitReportReporter -->
<testsuite hostname="v-poori8" name="TrngJavaClass_MainMethodActions.GetFramesUtil" tests="1" failures="0" timestamp="28 Oct 2016 10:16:20 GMT" time="62.157" errors="0">
  <testcase name="LoggedInTest" time="62.157" classname="TrngJavaClass_MainMethodActions.GetFramesUtil"/>
</testsuite> <!-- TrngJavaClass_MainMethodActions.GetFramesUtil -->
