<?xml version="1.0" encoding="UTF-8"?>
<!-- Generated by org.testng.reporters.JUnitReportReporter -->
<testsuite hostname="v-poori8" name="TestCases.ReadExcelTest" tests="1" failures="0" timestamp="16 Nov 2016 09:31:41 GMT" time="0.599" errors="0">
  <testcase name="ReadExceltestdata" time="0.599" classname="TestCases.ReadExcelTest"/>
</testsuite> <!-- TestCases.ReadExcelTest -->
