<?xml version="1.0" encoding="UTF-8"?>
<!-- Generated by org.testng.reporters.JUnitReportReporter -->
<testsuite hostname="v-poori8" name="TestCases.LoginNshore" tests="1" failures="0" timestamp="16 Nov 2016 09:39:17 GMT" time="16.397" errors="0">
  <testcase name="NshoreLoginCheck" time="16.397" classname="TestCases.LoginNshore"/>
</testsuite> <!-- TestCases.LoginNshore -->
